<?xml version="1.0" encoding="UTF-8"?>
<!-- Generated by org.testng.reporters.JUnitReportReporter -->
<testsuite hostname="LAPTOP-VJFQE3FM" failures="0" tests="1" name="com.commerce.testCases.TC_LoginTest_001" time="18.705" errors="0" timestamp="2022-11-01T18:23:25 IST" skipped="0">
  <testcase classname="com.commerce.testCases.TC_LoginTest_001" name="login" time="18.705"/>
  <system-out/>
</testsuite> <!-- com.commerce.testCases.TC_LoginTest_001 -->
